This is pdfTeX, Version 3.141592653-2.6-1.40.26 (TeX Live 2024) (preloaded format=pdflatex 2025.3.3)  24 MAR 2025 18:40
entering extended mode
 restricted \write18 enabled.
 file:line:error style messages enabled.
 %&-line parsing enabled.
**/Users/erisehe/Documents/GitHub/erisehe.github.io/content.en/docs/.obsidian/plugins/obsidian-enhancing-export/textemplate/dissertation.tex
(/Users/erisehe/Documents/GitHub/erisehe.github.io/content.en/docs/.obsidian/plugins/obsidian-enhancing-export/textemplate/dissertation.tex
LaTeX2e <2023-11-01> patch level 1
L3 programming layer <2024-02-20>

/Users/erisehe/Documents/GitHub/erisehe.github.io/content.en/docs/.obsidian/plugins/obsidian-enhancing-export/textemplate/dissertation.tex:47: LaTeX Error: Missing \begin{document}.

See the LaTeX manual or LaTeX Companion for explanation.
Type  H <return>  for immediate help.
 ...                                              
                                                  
l.47 $
      if(CJKmainfont)$
You're in trouble here.  Try typing  <return>  to proceed.
If that doesn't work, type  X <return>  to quit.

LaTeX Font Info:    External font `cmex10' loaded for size
(Font)              <7> on input line 47.
LaTeX Font Info:    External font `cmex10' loaded for size
(Font)              <5> on input line 47.

/Users/erisehe/Documents/GitHub/erisehe.github.io/content.en/docs/.obsidian/plugins/obsidian-enhancing-export/textemplate/dissertation.tex:49: LaTeX Error: \usepackage before \documentclass.

See the LaTeX manual or LaTeX Companion for explanation.
Type  H <return>  for immediate help.
 ...                                              
                                                  
l.49 \usepackage{
                 datetime}
\usepackage may only appear in the document preamble, i.e.,
between \documentclass and \begin{document}.


Overfull \hbox (104.7194pt too wide) in paragraph at lines 47--50
[]$\OML/cmm/m/it/10 if\OT1/cmr/m/n/10 (\OML/cmm/m/it/10 CJKmainfont\OT1/cmr/m/n/10 )$
 []


/Users/erisehe/Documents/GitHub/erisehe.github.io/content.en/docs/.obsidian/plugins/obsidian-enhancing-export/textemplate/dissertation.tex:51: LaTeX Error: Missing \begin{document}.

See the LaTeX manual or LaTeX Companion for explanation.
Type  H <return>  for immediate help.
 ...                                              
                                                  
l.51 $
      endif$
You're in trouble here.  Try typing  <return>  to proceed.
If that doesn't work, type  X <return>  to quit.


! LaTeX Error: File `$if(beamer)$$documentclass$$else$$if(book)$scrbook$else$scrartcl$endif$$endif$.cls' not found.

Type X to quit or <RETURN> to proceed,
or enter new name. (Default extension: cls)

Enter file name: 
/Users/erisehe/Documents/GitHub/erisehe.github.io/content.en/docs/.obsidian/plugins/obsidian-enhancing-export/textemplate/dissertation.tex:76: Emergency stop.
<read *> 
         
l.76 $
      if(beamer)$^^M
*** (cannot \read from terminal in nonstop modes)

 
Here is how much of TeX's memory you used:
 40 strings out of 474116
 1459 string characters out of 5743683
 1925187 words of memory out of 5000000
 22499 multiletter control sequences out of 15000+600000
 558069 words of font info for 36 fonts, out of 8000000 for 9000
 1141 hyphenation exceptions out of 8191
 19i,1n,29p,262b,57s stack positions out of 10000i,1000n,20000p,200000b,200000s
/Users/erisehe/Documents/GitHub/erisehe.github.io/content.en/docs/.obsidian/plugins/obsidian-enhancing-export/textemplate/dissertation.tex:76:  ==> Fatal error occurred, no output PDF file produced!
